[debug] [2026-05-20T06:27:07.744Z] ----------------------------------------------------------------------
[debug] [2026-05-20T06:27:07.749Z] Command:       C:\Program Files\nodejs\node.exe C:\Users\acern\AppData\Roaming\npm\node_modules\firebase-tools\lib\bin\firebase.js init
[debug] [2026-05-20T06:27:07.749Z] CLI Version:   15.18.0
[debug] [2026-05-20T06:27:07.749Z] Platform:      win32
[debug] [2026-05-20T06:27:07.750Z] Node Version:  v24.15.0
[debug] [2026-05-20T06:27:07.750Z] Time:          Wed May 20 2026 13:27:07 GMT+0700 (Western Indonesia Time)
[debug] [2026-05-20T06:27:07.750Z] ----------------------------------------------------------------------
[debug] 
[info] 
     ######## #### ########  ######## ########     ###     ######  ########
     ##        ##  ##     ## ##       ##     ##  ##   ##  ##       ##
     ######    ##  ########  ######   ########  #########  ######  ######
     ##        ##  ##    ##  ##       ##     ## ##     ##       ## ##
     ##       #### ##     ## ######## ########  ##     ##  ######  ########

You're about to initialize a Firebase project in this directory:

  C:\Users\acern\Music\Documents\semester 6\DETEKSI_KWH

[info] 
=== Project Setup
[info] 
[info] First, let's associate this project directory with a Firebase project.
[info] You can create multiple project aliases by running firebase use --add, 
[info] 
[info] i  If you want to create a project in a Google Cloud organization or folder, please use "firebase projects:create" instead, and return to this command when you've created the project. 
[debug] [2026-05-20T06:28:58.930Z] > command requires scopes: ["email","openid","https://www.googleapis.com/auth/cloudplatformprojects.readonly","https://www.googleapis.com/auth/firebase","https://www.googleapis.com/auth/cloud-platform"]
[debug] [2026-05-20T06:28:58.930Z] > authorizing via signed-in user (akunhidayat21@gmail.com)
[debug] [2026-05-20T06:29:27.494Z] Checked if tokens are valid: true, expires at: 1779261980763
[debug] [2026-05-20T06:29:27.494Z] Checked if tokens are valid: true, expires at: 1779261980763
[debug] [2026-05-20T06:29:27.496Z] >>> [apiv2][query] POST https://firebase.googleapis.com/v1/projects:checkProjectId [none]
[debug] [2026-05-20T06:29:27.496Z] >>> [apiv2][body] POST https://firebase.googleapis.com/v1/projects:checkProjectId {"proposedId":"Use existing project"}
[debug] [2026-05-20T06:29:28.032Z] <<< [apiv2][status] POST https://firebase.googleapis.com/v1/projects:checkProjectId 200
[debug] [2026-05-20T06:29:28.033Z] <<< [apiv2][body] POST https://firebase.googleapis.com/v1/projects:checkProjectId {"projectIdStatus":"PROJECT_ID_NOT_VALID","suggestedProjectId":"use-existing-project"}
[debug] [2026-05-20T06:29:46.344Z] Checked if tokens are valid: true, expires at: 1779261980763
[debug] [2026-05-20T06:29:46.345Z] Checked if tokens are valid: true, expires at: 1779261980763
[debug] [2026-05-20T06:29:46.345Z] >>> [apiv2][query] POST https://firebase.googleapis.com/v1/projects:checkProjectId [none]
[debug] [2026-05-20T06:29:46.345Z] >>> [apiv2][body] POST https://firebase.googleapis.com/v1/projects:checkProjectId {"proposedId":"deteksi kwh"}
[debug] [2026-05-20T06:29:46.930Z] <<< [apiv2][status] POST https://firebase.googleapis.com/v1/projects:checkProjectId 200
[debug] [2026-05-20T06:29:46.931Z] <<< [apiv2][body] POST https://firebase.googleapis.com/v1/projects:checkProjectId {"projectIdStatus":"PROJECT_ID_NOT_VALID","suggestedProjectId":"deteksi-kwh-ea979"}
